<?xml version="1.0" encoding="UTF-8"?>
<!-- Generated by org.testng.reporters.JUnitXMLReporter -->
<testsuite ignored="0" hostname="Rithik" failures="0" tests="4" name="Default test" time="19.651" errors="0" timestamp="2023-11-29T01:20:03 IST">
  <testcase classname="com.Amazon.qa.TestPages.HomePageAmazonTest" name="enterProduct" time="7.157"/>
  <testcase classname="com.Amazon.qa.TestPages.HomePageAmazonTest" name="clickonfilter" time="2.302"/>
  <testcase classname="com.Amazon.qa.TestPages.HomePageAmazonTest" name="clickonProduct" time="3.353"/>
  <testcase classname="com.Amazon.qa.TestPages.HomePageAmazonTest" name="pageTitle" time="0.021"/>
</testsuite> <!-- Default test -->
