<?xml version="1.0" encoding="UTF-8"?>
<testng-results ignored="0" total="4" passed="4" failed="0" skipped="0">
  <reporter-output>
  </reporter-output>
  <suite started-at="2023-11-29T01:19:43 IST" name="Default suite" finished-at="2023-11-29T01:20:03 IST" duration-ms="19651">
    <groups>
    </groups>
    <test started-at="2023-11-29T01:19:43 IST" name="Default test" finished-at="2023-11-29T01:20:03 IST" duration-ms="19651">
      <class name="com.Amazon.qa.TestPages.HomePageAmazonTest">
        <test-method is-config="true" signature="InitializeExtentReport()[pri:0, instance:com.Amazon.qa.TestPages.HomePageAmazonTest@31ea9581]" started-at="2023-11-29T01:19:42 IST" name="InitializeExtentReport" finished-at="2023-11-29T01:19:43 IST" duration-ms="646" status="PASS">
          <reporter-output>
          </reporter-output>
        </test-method> <!-- InitializeExtentReport -->
        <test-method is-config="true" signature="getNamemethod(org.testng.ITestContext)[pri:0, instance:com.Amazon.qa.TestPages.HomePageAmazonTest@31ea9581]" started-at="2023-11-29T01:19:43 IST" name="getNamemethod" finished-at="2023-11-29T01:19:43 IST" duration-ms="16" status="PASS">
          <params>
            <param index="0">
              <value>
                <![CDATA[org.testng.TestRunner@1b57c345]]>
              </value>
            </param>
          </params>
          <reporter-output>
          </reporter-output>
        </test-method> <!-- getNamemethod -->
        <test-method is-config="true" signature="OpenApp()[pri:0, instance:com.Amazon.qa.TestPages.HomePageAmazonTest@31ea9581]" started-at="2023-11-29T01:19:43 IST" name="OpenApp" finished-at="2023-11-29T01:19:48 IST" duration-ms="5353" status="PASS">
          <reporter-output>
          </reporter-output>
        </test-method> <!-- OpenApp -->
        <test-method signature="enterProduct(java.lang.String)[pri:49, instance:com.Amazon.qa.TestPages.HomePageAmazonTest@31ea9581]" started-at="2023-11-29T01:19:50 IST" name="enterProduct" data-provider="testdata" finished-at="2023-11-29T01:19:57 IST" duration-ms="7157" status="PASS">
          <params>
            <param index="0">
              <value>
                <![CDATA[KitchenAid]]>
              </value>
            </param>
          </params>
          <reporter-output>
          </reporter-output>
        </test-method> <!-- enterProduct -->
        <test-method is-config="true" signature="generateTestStatus(java.lang.reflect.Method,org.testng.ITestResult)[pri:0, instance:com.Amazon.qa.TestPages.HomePageAmazonTest@31ea9581]" started-at="2023-11-29T01:19:57 IST" name="generateTestStatus" finished-at="2023-11-29T01:19:57 IST" duration-ms="19" status="PASS">
          <params>
            <param index="0">
              <value>
                <![CDATA[public void com.Amazon.qa.TestPages.HomePageAmazonTest.enterProduct(java.lang.String) throws java.lang.InterruptedException]]>
              </value>
            </param>
            <param index="1">
              <value>
                <![CDATA[[TestResult name=enterProduct status=SUCCESS method=HomePageAmazonTest.enterProduct(java.lang.String)[pri:49, instance:com.Amazon.qa.TestPages.HomePageAmazonTest@31ea9581] output={null}]]]>
              </value>
            </param>
          </params>
          <reporter-output>
          </reporter-output>
        </test-method> <!-- generateTestStatus -->
        <test-method signature="clickonfilter()[pri:50, instance:com.Amazon.qa.TestPages.HomePageAmazonTest@31ea9581]" started-at="2023-11-29T01:19:57 IST" name="clickonfilter" finished-at="2023-11-29T01:19:59 IST" duration-ms="2302" status="PASS">
          <reporter-output>
          </reporter-output>
        </test-method> <!-- clickonfilter -->
        <test-method is-config="true" signature="generateTestStatus(java.lang.reflect.Method,org.testng.ITestResult)[pri:0, instance:com.Amazon.qa.TestPages.HomePageAmazonTest@31ea9581]" started-at="2023-11-29T01:19:59 IST" name="generateTestStatus" finished-at="2023-11-29T01:19:59 IST" duration-ms="5" status="PASS">
          <params>
            <param index="0">
              <value>
                <![CDATA[public void com.Amazon.qa.TestPages.HomePageAmazonTest.clickonfilter() throws java.lang.InterruptedException]]>
              </value>
            </param>
            <param index="1">
              <value>
                <![CDATA[[TestResult name=clickonfilter status=SUCCESS method=HomePageAmazonTest.clickonfilter()[pri:50, instance:com.Amazon.qa.TestPages.HomePageAmazonTest@31ea9581] output={null}]]]>
              </value>
            </param>
          </params>
          <reporter-output>
          </reporter-output>
        </test-method> <!-- generateTestStatus -->
        <test-method signature="clickonProduct()[pri:51, instance:com.Amazon.qa.TestPages.HomePageAmazonTest@31ea9581]" started-at="2023-11-29T01:19:59 IST" name="clickonProduct" finished-at="2023-11-29T01:20:02 IST" duration-ms="3353" status="PASS">
          <reporter-output>
          </reporter-output>
        </test-method> <!-- clickonProduct -->
        <test-method is-config="true" signature="generateTestStatus(java.lang.reflect.Method,org.testng.ITestResult)[pri:0, instance:com.Amazon.qa.TestPages.HomePageAmazonTest@31ea9581]" started-at="2023-11-29T01:20:02 IST" name="generateTestStatus" finished-at="2023-11-29T01:20:02 IST" duration-ms="1" status="PASS">
          <params>
            <param index="0">
              <value>
                <![CDATA[public void com.Amazon.qa.TestPages.HomePageAmazonTest.clickonProduct() throws java.lang.InterruptedException]]>
              </value>
            </param>
            <param index="1">
              <value>
                <![CDATA[[TestResult name=clickonProduct status=SUCCESS method=HomePageAmazonTest.clickonProduct()[pri:51, instance:com.Amazon.qa.TestPages.HomePageAmazonTest@31ea9581] output={null}]]]>
              </value>
            </param>
          </params>
          <reporter-output>
          </reporter-output>
        </test-method> <!-- generateTestStatus -->
        <test-method signature="pageTitle()[pri:52, instance:com.Amazon.qa.TestPages.HomePageAmazonTest@31ea9581]" started-at="2023-11-29T01:20:03 IST" name="pageTitle" finished-at="2023-11-29T01:20:03 IST" duration-ms="21" status="PASS">
          <reporter-output>
          </reporter-output>
        </test-method> <!-- pageTitle -->
        <test-method is-config="true" signature="generateTestStatus(java.lang.reflect.Method,org.testng.ITestResult)[pri:0, instance:com.Amazon.qa.TestPages.HomePageAmazonTest@31ea9581]" started-at="2023-11-29T01:20:03 IST" name="generateTestStatus" finished-at="2023-11-29T01:20:03 IST" duration-ms="1" status="PASS">
          <params>
            <param index="0">
              <value>
                <![CDATA[public void com.Amazon.qa.TestPages.HomePageAmazonTest.pageTitle()]]>
              </value>
            </param>
            <param index="1">
              <value>
                <![CDATA[[TestResult name=pageTitle status=SUCCESS method=HomePageAmazonTest.pageTitle()[pri:52, instance:com.Amazon.qa.TestPages.HomePageAmazonTest@31ea9581] output={null}]]]>
              </value>
            </param>
          </params>
          <reporter-output>
          </reporter-output>
        </test-method> <!-- generateTestStatus -->
        <test-method is-config="true" signature="generateReports()[pri:0, instance:com.Amazon.qa.TestPages.HomePageAmazonTest@31ea9581]" started-at="2023-11-29T01:20:03 IST" name="generateReports" finished-at="2023-11-29T01:20:06 IST" duration-ms="3734" status="PASS">
          <reporter-output>
          </reporter-output>
        </test-method> <!-- generateReports -->
      </class> <!-- com.Amazon.qa.TestPages.HomePageAmazonTest -->
    </test> <!-- Default test -->
  </suite> <!-- Default suite -->
</testng-results>
