<?xml version="1.0" encoding="UTF-8"?>
<!-- Generated by org.testng.reporters.JUnitXMLReporter -->
<testsuite ignored="0" hostname="Rithik" failures="0" tests="4" name="POMFramework" time="17.546" errors="0" timestamp="2023-11-30T17:09:19 IST">
  <testcase classname="com.Amazon.qa.TestPages.HomePageAmazonTest" name="enterProduct" time="6.502"/>
  <testcase classname="com.Amazon.qa.TestPages.HomePageAmazonTest" name="clickonfilter" time="2.236"/>
  <testcase classname="com.Amazon.qa.TestPages.HomePageAmazonTest" name="clickonProduct" time="2.23"/>
  <testcase classname="com.Amazon.qa.TestPages.HomePageAmazonTest" name="pageTitle" time="0.245"/>
</testsuite> <!-- POMFramework -->
