<?xml version="1.0" encoding="UTF-8"?>
<!-- Generated by org.testng.reporters.JUnitXMLReporter -->
<testsuite ignored="0" hostname="Rithik" failures="0" tests="4" name="POMFramework" time="30.829" errors="0" timestamp="2023-11-30T14:04:02 IST">
  <testcase classname="com.Amazon.qa.TestPages.HomePageAmazonTest" name="enterProduct" time="14.04"/>
  <testcase classname="com.Amazon.qa.TestPages.HomePageAmazonTest" name="clickonfilter" time="2.75"/>
  <testcase classname="com.Amazon.qa.TestPages.HomePageAmazonTest" name="clickonProduct" time="2.987"/>
  <testcase classname="com.Amazon.qa.TestPages.HomePageAmazonTest" name="pageTitle" time="1.47"/>
</testsuite> <!-- POMFramework -->
